[INFO][main.go:28]2023/03/03 15:11:31 [start listen on:  localhost:8000]
[INFO][main.go:28]2023/03/03 21:12:57 [start listen on:  localhost:8000]
[ERROR][auth.go:37]2023/03/03 21:13:25 [<nil>]
[ERROR][auth.go:37]2023/03/03 21:13:55 [<nil>]
[ERROR][auth.go:37]2023/03/03 21:13:58 [<nil>]
[INFO][main.go:28]2023/03/03 21:20:38 [start listen on:  localhost:8000]
[ERROR][auth.go:37]2023/03/03 21:20:57 [<nil>]
[DEBUG][logger.go:85]2023/03/03 21:20:57 [{"Time":"2023-03-03T21:20:57.640659+08:00","Metadata":null,"Path":"/alogin","Query":"","Body":"","IP":"127.0.0.1","UserAgent":"insomnia/2022.7.5","Error":"","Cost":542200,"Source":"GVA"}]
[INFO][main.go:28]2023/03/03 21:22:11 [start listen on:  localhost:8000]
[ERROR][auth.go:37]2023/03/03 21:22:12 [<nil>]
[DEBUG][logger.go:86]2023/03/03 21:22:12 [{"Time":"2023-03-03T21:22:12.9888588+08:00","Metadata":null,"Path":"/alogin","Query":"","Body":"","IP":"127.0.0.1","UserAgent":"insomnia/2022.7.5","Error":"","Cost":1525300,"Source":"GVA"}]
[ERROR][auth.go:37]2023/03/03 21:22:58 [<nil>]
[DEBUG][logger.go:86]2023/03/03 21:22:58 [{"Time":"2023-03-03T21:22:58.2790507+08:00","Metadata":null,"Path":"/alogin","Query":"","Body":"","IP":"127.0.0.1","UserAgent":"insomnia/2022.7.5","Error":"","Cost":132600,"Source":"GVA"}]
[INFO][main.go:28]2023/03/03 21:24:29 [start listen on:  localhost:8000]
[ERROR][auth.go:37]2023/03/03 21:24:31 [<nil>]
[DEBUG][logger.go:85]2023/03/03 21:24:31 [{"Time":"2023-03-03T21:24:31.1709866+08:00","Metadata":null,"Path":"/alogin","Query":"","Body":"{\n\t\"name\":\"fadfa\",\n\t\"avatar\":\"Fdaf\",\n\t\"jct\":\"hfadaff\"\n}","IP":"127.0.0.1","UserAgent":"insomnia/2022.7.5","Error":"","Cost":845400,"Source":"GVA"}]
[TRACE][user.go:33]2023/03/03 21:47:59 [0x9ca0840]
[DEBUG][auth.go:47]2023/03/03 21:47:59 [{zl http://fdasgasg jct}]
[DEBUG][auth.go:48]2023/03/03 21:47:59 [mid ef5b60b73923bc1b63a3d3e7e4cf9158 hostname version1]
[TRACE][equipment.go:19]2023/03/03 21:47:59 [{{0 0001-01-01 00:00:00 +0000 UTC 0001-01-01 00:00:00 +0000 UTC <nil>}   }]
[ERROR][auth.go:26]2023/03/03 21:47:59 [pq: 操作符不存在: integer + text]
[DEBUG][logger.go:85]2023/03/03 21:47:59 [{"Time":"2023-03-03T21:47:59.6141124+08:00","Metadata":null,"Path":"/alogin","Query":"","Body":"{\n\t\"name\":\"zl\",\n\t\"avatar\":\"http://fdasgasg\",\n\t\"jct\":\"jct\"\n}","IP":"127.0.0.1","UserAgent":"insomnia/2022.7.5","Error":"","Cost":10205900,"Source":"GVA"}]
[TRACE][user.go:33]2023/03/03 21:48:31 [0xa01c060]
[DEBUG][auth.go:47]2023/03/03 21:48:31 [{zl http://fdasgasg jct}]
[DEBUG][auth.go:48]2023/03/03 21:48:31 [mid ef5b60b73923bc1b63a3d3e7e4cf9158 hostname version1]
[TRACE][equipment.go:19]2023/03/03 21:48:31 [{{0 0001-01-01 00:00:00 +0000 UTC 0001-01-01 00:00:00 +0000 UTC <nil>}   }]
[ERROR][auth.go:26]2023/03/03 21:48:31 [pq: 操作符不存在: integer + text]
[DEBUG][logger.go:85]2023/03/03 21:48:31 [{"Time":"2023-03-03T21:48:31.5379153+08:00","Metadata":null,"Path":"/alogin","Query":"","Body":"{\n\t\"name\":\"zl\",\n\t\"avatar\":\"http://fdasgasg\",\n\t\"jct\":\"jct\"\n}","IP":"127.0.0.1","UserAgent":"insomnia/2022.7.5","Error":"","Cost":5143100,"Source":"GVA"}]
[INFO][main.go:28]2023/03/03 21:50:21 [start listen on:  localhost:8000]
[DEBUG][auth.go:47]2023/03/03 21:50:25 [{zl http://fdasgasg jct}]
[DEBUG][auth.go:48]2023/03/03 21:50:25 [mid ef5b60b73923bc1b63a3d3e7e4cf9158 hostname version1]
[TRACE][equipment.go:19]2023/03/03 21:50:25 [{{0 0001-01-01 00:00:00 +0000 UTC 0001-01-01 00:00:00 +0000 UTC <nil>}   }]
[ERROR][auth.go:26]2023/03/03 21:50:25 [pq: 操作符不存在: integer + text]
[DEBUG][logger.go:86]2023/03/03 21:50:25 [{"Time":"2023-03-03T21:50:25.5504213+08:00","Metadata":null,"Path":"/alogin","Query":"","Body":"{\n\t\"name\":\"zl\",\n\t\"avatar\":\"http://fdasgasg\",\n\t\"jct\":\"jct\"\n}","IP":"127.0.0.1","UserAgent":"insomnia/2022.7.5","Error":"","Cost":6813900,"Source":"GVA"}]
[INFO][main.go:28]2023/03/03 21:55:02 [start listen on:  localhost:8000]
[DEBUG][auth.go:47]2023/03/03 21:55:08 [{zl http://fdasgasg jct}]
[DEBUG][auth.go:48]2023/03/03 21:55:08 [mid ef5b60b73923bc1b63a3d3e7e4cf9158 hostname version1]
[TRACE][equipment.go:19]2023/03/03 21:55:08 [{{0 0001-01-01 00:00:00 +0000 UTC 0001-01-01 00:00:00 +0000 UTC <nil>}   }]
[ERROR][auth.go:26]2023/03/03 21:55:08 [pq: 操作符不存在: integer + text]
[DEBUG][logger.go:86]2023/03/03 21:55:08 [{"Time":"2023-03-03T21:55:08.0304065+08:00","Metadata":null,"Path":"/alogin","Query":"","Body":"{\n\t\"name\":\"zl\",\n\t\"avatar\":\"http://fdasgasg\",\n\t\"jct\":\"jct\"\n}","IP":"127.0.0.1","UserAgent":"insomnia/2022.7.5","Error":"","Cost":7646100,"Source":"GVA"}]
[INFO][main.go:28]2023/03/03 21:55:51 [start listen on:  localhost:8000]
[DEBUG][auth.go:47]2023/03/03 21:55:54 [{zl http://fdasgasg jct}]
[DEBUG][auth.go:48]2023/03/03 21:55:54 [mid ef5b60b73923bc1b63a3d3e7e4cf9158 hostname version1]
[TRACE][equipment.go:19]2023/03/03 21:55:54 [{{0 0001-01-01 00:00:00 +0000 UTC 0001-01-01 00:00:00 +0000 UTC <nil>}   }]
[ERROR][auth.go:26]2023/03/03 21:55:54 [pq: 字段 "updated_at" 的类型为 timestamp with time zone, 但表达式的类型为 integer]
[DEBUG][logger.go:86]2023/03/03 21:55:54 [{"Time":"2023-03-03T21:55:54.8915153+08:00","Metadata":null,"Path":"/alogin","Query":"","Body":"{\n\t\"name\":\"zl\",\n\t\"avatar\":\"http://fdasgasg\",\n\t\"jct\":\"jct\"\n}","IP":"127.0.0.1","UserAgent":"insomnia/2022.7.5","Error":"","Cost":7465100,"Source":"GVA"}]
[INFO][main.go:28]2023/03/03 21:57:56 [start listen on:  localhost:8000]
[TRACE][user.go:33]2023/03/03 21:58:07 [0xa09e060]
[DEBUG][auth.go:47]2023/03/03 21:58:07 [{zl http://fdasgasg jct}]
[DEBUG][auth.go:48]2023/03/03 21:58:07 [mid ef5b60b73923bc1b63a3d3e7e4cf9158 hostname version1]
[TRACE][equipment.go:19]2023/03/03 21:58:07 [{{0 0001-01-01 00:00:00 +0000 UTC 0001-01-01 00:00:00 +0000 UTC <nil>}   }]
[ERROR][auth.go:26]2023/03/03 21:58:07 [pq: 字段 "updated_at" 的类型为 timestamp with time zone, 但表达式的类型为 integer]
[DEBUG][logger.go:86]2023/03/03 21:58:07 [{"Time":"2023-03-03T21:58:07.277667+08:00","Metadata":null,"Path":"/alogin","Query":"","Body":"{\n\t\"name\":\"zl\",\n\t\"avatar\":\"http://fdasgasg\",\n\t\"jct\":\"jct\"\n}","IP":"127.0.0.1","UserAgent":"insomnia/2022.7.5","Error":"","Cost":10686700,"Source":"GVA"}]
[INFO][main.go:28]2023/03/03 21:59:23 [start listen on:  localhost:8000]
[DEBUG][auth.go:47]2023/03/03 21:59:26 [{zl http://fdasgasg jct}]
[DEBUG][auth.go:48]2023/03/03 21:59:26 [mid ef5b60b73923bc1b63a3d3e7e4cf9158 hostname version1]
[TRACE][equipment.go:19]2023/03/03 21:59:26 [{{0 0001-01-01 00:00:00 +0000 UTC 0001-01-01 00:00:00 +0000 UTC <nil>}   }]
[ERROR][auth.go:26]2023/03/03 21:59:26 [pq: 无效的整数类型输入语法: "mid"]
[DEBUG][logger.go:86]2023/03/03 21:59:26 [{"Time":"2023-03-03T21:59:26.7464249+08:00","Metadata":null,"Path":"/alogin","Query":"","Body":"{\n\t\"name\":\"zl\",\n\t\"avatar\":\"http://fdasgasg\",\n\t\"jct\":\"jct\"\n}","IP":"127.0.0.1","UserAgent":"insomnia/2022.7.5","Error":"","Cost":7381800,"Source":"GVA"}]
[INFO][main.go:28]2023/03/03 22:03:04 [start listen on:  localhost:8000]
[DEBUG][auth.go:47]2023/03/03 22:03:11 [{zl http://fdasgasg jct}]
[DEBUG][auth.go:48]2023/03/03 22:03:11 [mid ef5b60b73923bc1b63a3d3e7e4cf9158 hostname version1]
[TRACE][equipment.go:19]2023/03/03 22:03:11 [{{0 0001-01-01 00:00:00 +0000 UTC 0001-01-01 00:00:00 +0000 UTC <nil>}   }]
[ERROR][auth.go:26]2023/03/03 22:03:11 [pq: 操作符不存在: integer + text]
[DEBUG][logger.go:86]2023/03/03 22:03:11 [{"Time":"2023-03-03T22:03:11.590212+08:00","Metadata":null,"Path":"/alogin","Query":"","Body":"{\n\t\"name\":\"zl\",\n\t\"avatar\":\"http://fdasgasg\",\n\t\"jct\":\"jct\"\n}","IP":"127.0.0.1","UserAgent":"insomnia/2022.7.5","Error":"","Cost":8245000,"Source":"GVA"}]
[INFO][main.go:28]2023/03/03 22:03:25 [start listen on:  localhost:8000]
[DEBUG][auth.go:47]2023/03/03 22:03:28 [{zl http://fdasgasg jct}]
[DEBUG][auth.go:48]2023/03/03 22:03:28 [mid ef5b60b73923bc1b63a3d3e7e4cf9158 hostname version1]
[TRACE][equipment.go:19]2023/03/03 22:03:28 [{{0 0001-01-01 00:00:00 +0000 UTC 0001-01-01 00:00:00 +0000 UTC <nil>}   }]
[ERROR][auth.go:26]2023/03/03 22:03:28 [pq: 无效的整数类型输入语法: "mid"]
[DEBUG][logger.go:86]2023/03/03 22:03:28 [{"Time":"2023-03-03T22:03:28.9467647+08:00","Metadata":null,"Path":"/alogin","Query":"","Body":"{\n\t\"name\":\"zl\",\n\t\"avatar\":\"http://fdasgasg\",\n\t\"jct\":\"jct\"\n}","IP":"127.0.0.1","UserAgent":"insomnia/2022.7.5","Error":"","Cost":6572600,"Source":"GVA"}]
[INFO][main.go:28]2023/03/03 22:07:31 [start listen on:  localhost:8000]
[DEBUG][auth.go:47]2023/03/03 22:07:34 [{zl http://fdasgasg jct}]
[DEBUG][auth.go:48]2023/03/03 22:07:34 [mid ef5b60b73923bc1b63a3d3e7e4cf9158 hostname version1]
[TRACE][equipment.go:19]2023/03/03 22:07:34 [{{0 0001-01-01 00:00:00 +0000 UTC 0001-01-01 00:00:00 +0000 UTC <nil>}   }]
[ERROR][auth.go:26]2023/03/03 22:07:34 [pq: 无效的整数类型输入语法: "mid"]
[DEBUG][logger.go:86]2023/03/03 22:07:34 [{"Time":"2023-03-03T22:07:34.3496262+08:00","Metadata":null,"Path":"/alogin","Query":"","Body":"{\n\t\"name\":\"zl\",\n\t\"avatar\":\"http://fdasgasg\",\n\t\"jct\":\"jct\"\n}","IP":"127.0.0.1","UserAgent":"insomnia/2022.7.5","Error":"","Cost":7474900,"Source":"GVA"}]
[INFO][main.go:28]2023/03/03 22:08:40 [start listen on:  localhost:8000]
[DEBUG][auth.go:47]2023/03/03 22:08:44 [{zl http://fdasgasg jct}]
[DEBUG][auth.go:48]2023/03/03 22:08:44 [mid ef5b60b73923bc1b63a3d3e7e4cf9158 hostname version1]
[TRACE][equipment.go:19]2023/03/03 22:08:44 [{{0 0001-01-01 00:00:00 +0000 UTC 0001-01-01 00:00:00 +0000 UTC <nil>}   }]
[ERROR][user.go:52]2023/03/03 22:08:44 [mid 1]
[ERROR][auth.go:26]2023/03/03 22:08:44 [pq: 无效的整数类型输入语法: "mid"]
[DEBUG][logger.go:86]2023/03/03 22:08:44 [{"Time":"2023-03-03T22:08:44.217345+08:00","Metadata":null,"Path":"/alogin","Query":"","Body":"{\n\t\"name\":\"zl\",\n\t\"avatar\":\"http://fdasgasg\",\n\t\"jct\":\"jct\"\n}","IP":"127.0.0.1","UserAgent":"insomnia/2022.7.5","Error":"","Cost":9514200,"Source":"GVA"}]
[INFO][main.go:28]2023/03/03 22:17:59 [start listen on:  localhost:8000]
[DEBUG][auth.go:47]2023/03/03 22:18:00 [{zl http://fdasgasg jct}]
[DEBUG][auth.go:48]2023/03/03 22:18:00 [mid ef5b60b73923bc1b63a3d3e7e4cf9158 hostname version1]
[TRACE][equipment.go:19]2023/03/03 22:18:00 [{{0 0001-01-01 00:00:00 +0000 UTC 0001-01-01 00:00:00 +0000 UTC <nil>}   }]
[ERROR][user.go:52]2023/03/03 22:18:00 [mid 1]
[ERROR][auth.go:26]2023/03/03 22:18:00 [pq: 字段 "total_login" 的类型为 integer, 但表达式的类型为 text]
[DEBUG][logger.go:86]2023/03/03 22:18:00 [{"Time":"2023-03-03T22:18:00.0452621+08:00","Metadata":null,"Path":"/alogin","Query":"","Body":"{\n\t\"name\":\"zl\",\n\t\"avatar\":\"http://fdasgasg\",\n\t\"jct\":\"jct\"\n}","IP":"127.0.0.1","UserAgent":"insomnia/2022.7.5","Error":"","Cost":7527400,"Source":"GVA"}]
[INFO][main.go:28]2023/03/03 22:19:08 [start listen on:  localhost:8000]
[DEBUG][auth.go:47]2023/03/03 22:19:09 [{zl http://fdasgasg jct}]
[DEBUG][auth.go:48]2023/03/03 22:19:09 [mid ef5b60b73923bc1b63a3d3e7e4cf9158 hostname version1]
[TRACE][equipment.go:19]2023/03/03 22:19:09 [{{0 0001-01-01 00:00:00 +0000 UTC 0001-01-01 00:00:00 +0000 UTC <nil>}   }]
[ERROR][user.go:52]2023/03/03 22:19:09 [mid 1]
[ERROR][auth.go:26]2023/03/03 22:19:09 [pq: 字段 "total_login" 的类型为 integer, 但表达式的类型为 text]
[DEBUG][logger.go:86]2023/03/03 22:19:09 [{"Time":"2023-03-03T22:19:09.6274786+08:00","Metadata":null,"Path":"/alogin","Query":"","Body":"{\n\t\"name\":\"zl\",\n\t\"avatar\":\"http://fdasgasg\",\n\t\"jct\":\"jct\"\n}","IP":"127.0.0.1","UserAgent":"insomnia/2022.7.5","Error":"","Cost":6424700,"Source":"GVA"}]
[INFO][main.go:28]2023/03/03 22:22:32 [start listen on:  localhost:8000]
[DEBUG][auth.go:47]2023/03/03 22:22:34 [{zl http://fdasgasg jct}]
[DEBUG][auth.go:48]2023/03/03 22:22:34 [mid ef5b60b73923bc1b63a3d3e7e4cf9158 hostname version1]
[TRACE][equipment.go:19]2023/03/03 22:22:34 [{{0 0001-01-01 00:00:00 +0000 UTC 0001-01-01 00:00:00 +0000 UTC <nil>}   }]
[ERROR][user.go:52]2023/03/03 22:22:34 [mid 1]
[ERROR][auth.go:26]2023/03/03 22:22:34 [pq: 字段 "total_login" 的类型为 integer, 但表达式的类型为 text]
[DEBUG][logger.go:86]2023/03/03 22:22:34 [{"Time":"2023-03-03T22:22:34.7211445+08:00","Metadata":null,"Path":"/alogin","Query":"","Body":"{\n\t\"name\":\"zl\",\n\t\"avatar\":\"http://fdasgasg\",\n\t\"jct\":\"jct\"\n}","IP":"127.0.0.1","UserAgent":"insomnia/2022.7.5","Error":"","Cost":7830400,"Source":"GVA"}]
[DEBUG][auth.go:47]2023/03/03 22:22:36 [{zl http://fdasgasg jct}]
[DEBUG][auth.go:48]2023/03/03 22:22:36 [mid ef5b60b73923bc1b63a3d3e7e4cf9158 hostname version1]
[TRACE][equipment.go:19]2023/03/03 22:22:36 [{{0 0001-01-01 00:00:00 +0000 UTC 0001-01-01 00:00:00 +0000 UTC <nil>}   }]
[ERROR][user.go:52]2023/03/03 22:22:36 [mid 1]
[ERROR][auth.go:26]2023/03/03 22:22:36 [pq: 字段 "total_login" 的类型为 integer, 但表达式的类型为 text]
[DEBUG][logger.go:86]2023/03/03 22:22:36 [{"Time":"2023-03-03T22:22:36.3522432+08:00","Metadata":null,"Path":"/alogin","Query":"","Body":"{\n\t\"name\":\"zl\",\n\t\"avatar\":\"http://fdasgasg\",\n\t\"jct\":\"jct\"\n}","IP":"127.0.0.1","UserAgent":"insomnia/2022.7.5","Error":"","Cost":4931900,"Source":"GVA"}]
[DEBUG][auth.go:47]2023/03/03 22:22:37 [{zl http://fdasgasg jct}]
[DEBUG][auth.go:48]2023/03/03 22:22:37 [mid ef5b60b73923bc1b63a3d3e7e4cf9158 hostname version1]
[TRACE][equipment.go:19]2023/03/03 22:22:37 [{{0 0001-01-01 00:00:00 +0000 UTC 0001-01-01 00:00:00 +0000 UTC <nil>}   }]
[ERROR][user.go:52]2023/03/03 22:22:37 [mid 1]
[ERROR][auth.go:26]2023/03/03 22:22:37 [pq: 字段 "total_login" 的类型为 integer, 但表达式的类型为 text]
[DEBUG][logger.go:86]2023/03/03 22:22:37 [{"Time":"2023-03-03T22:22:37.0704843+08:00","Metadata":null,"Path":"/alogin","Query":"","Body":"{\n\t\"name\":\"zl\",\n\t\"avatar\":\"http://fdasgasg\",\n\t\"jct\":\"jct\"\n}","IP":"127.0.0.1","UserAgent":"insomnia/2022.7.5","Error":"","Cost":4147600,"Source":"GVA"}]
[DEBUG][auth.go:47]2023/03/03 22:22:37 [{zl http://fdasgasg jct}]
[DEBUG][auth.go:48]2023/03/03 22:22:37 [mid ef5b60b73923bc1b63a3d3e7e4cf9158 hostname version1]
[TRACE][equipment.go:19]2023/03/03 22:22:37 [{{0 0001-01-01 00:00:00 +0000 UTC 0001-01-01 00:00:00 +0000 UTC <nil>}   }]
[ERROR][user.go:52]2023/03/03 22:22:37 [mid 1]
[ERROR][auth.go:26]2023/03/03 22:22:37 [pq: 字段 "total_login" 的类型为 integer, 但表达式的类型为 text]
[DEBUG][logger.go:86]2023/03/03 22:22:37 [{"Time":"2023-03-03T22:22:37.493287+08:00","Metadata":null,"Path":"/alogin","Query":"","Body":"{\n\t\"name\":\"zl\",\n\t\"avatar\":\"http://fdasgasg\",\n\t\"jct\":\"jct\"\n}","IP":"127.0.0.1","UserAgent":"insomnia/2022.7.5","Error":"","Cost":4886400,"Source":"GVA"}]
[INFO][main.go:28]2023/03/03 22:23:13 [start listen on:  localhost:8000]
[TRACE][user.go:33]2023/03/03 22:23:15 [0xa0000c0]
[DEBUG][auth.go:47]2023/03/03 22:23:15 [{zl http://fdasgasg jct}]
[DEBUG][auth.go:48]2023/03/03 22:23:15 [mid ef5b60b73923bc1b63a3d3e7e4cf9158 hostname version1]
[TRACE][equipment.go:19]2023/03/03 22:23:15 [{{0 0001-01-01 00:00:00 +0000 UTC 0001-01-01 00:00:00 +0000 UTC <nil>}   }]
[ERROR][user.go:52]2023/03/03 22:23:15 [mid 1]
[ERROR][auth.go:26]2023/03/03 22:23:15 [pq: 字段 "total_login" 的类型为 integer, 但表达式的类型为 text]
[DEBUG][logger.go:86]2023/03/03 22:23:15 [{"Time":"2023-03-03T22:23:15.5427368+08:00","Metadata":null,"Path":"/alogin","Query":"","Body":"{\n\t\"name\":\"zl\",\n\t\"avatar\":\"http://fdasgasg\",\n\t\"jct\":\"jct\"\n}","IP":"127.0.0.1","UserAgent":"insomnia/2022.7.5","Error":"","Cost":7802500,"Source":"GVA"}]
[INFO][main.go:28]2023/03/03 22:23:56 [start listen on:  localhost:8000]
[TRACE][user.go:33]2023/03/03 22:23:59 [0xa4b61c0]
[DEBUG][auth.go:47]2023/03/03 22:23:59 [{zl http://fdasgasg jct}]
[DEBUG][auth.go:48]2023/03/03 22:23:59 [mid ef5b60b73923bc1b63a3d3e7e4cf9158 hostname version1]
[TRACE][equipment.go:19]2023/03/03 22:23:59 [{{0 0001-01-01 00:00:00 +0000 UTC 0001-01-01 00:00:00 +0000 UTC <nil>}   }]
[ERROR][user.go:52]2023/03/03 22:23:59 [mid 1]
[ERROR][auth.go:26]2023/03/03 22:23:59 [pq: 字段 "total_login" 的类型为 bigint, 但表达式的类型为 text]
[DEBUG][logger.go:86]2023/03/03 22:23:59 [{"Time":"2023-03-03T22:23:59.7895797+08:00","Metadata":null,"Path":"/alogin","Query":"","Body":"{\n\t\"name\":\"zl\",\n\t\"avatar\":\"http://fdasgasg\",\n\t\"jct\":\"jct\"\n}","IP":"127.0.0.1","UserAgent":"insomnia/2022.7.5","Error":"","Cost":10737200,"Source":"GVA"}]
[INFO][main.go:28]2023/03/03 22:24:35 [start listen on:  localhost:8000]
[DEBUG][auth.go:47]2023/03/03 22:24:38 [{zl http://fdasgasg jct}]
[DEBUG][auth.go:48]2023/03/03 22:24:38 [mid ef5b60b73923bc1b63a3d3e7e4cf9158 hostname version1]
[TRACE][equipment.go:19]2023/03/03 22:24:38 [{{0 0001-01-01 00:00:00 +0000 UTC 0001-01-01 00:00:00 +0000 UTC <nil>}   }]
[ERROR][user.go:52]2023/03/03 22:24:38 [mid 1]
[ERROR][auth.go:26]2023/03/03 22:24:38 [pq: 字段 "total_login" 的类型为 bigint, 但表达式的类型为 text]
[DEBUG][logger.go:86]2023/03/03 22:24:38 [{"Time":"2023-03-03T22:24:38.1716078+08:00","Metadata":null,"Path":"/alogin","Query":"","Body":"{\n\t\"name\":\"zl\",\n\t\"avatar\":\"http://fdasgasg\",\n\t\"jct\":\"jct\"\n}","IP":"127.0.0.1","UserAgent":"insomnia/2022.7.5","Error":"","Cost":7616900,"Source":"GVA"}]
[INFO][main.go:28]2023/03/03 22:26:26 [start listen on:  localhost:8000]
[DEBUG][auth.go:47]2023/03/03 22:26:27 [{zl http://fdasgasg jct}]
[DEBUG][auth.go:48]2023/03/03 22:26:27 [mid ef5b60b73923bc1b63a3d3e7e4cf9158 hostname version1]
[TRACE][equipment.go:19]2023/03/03 22:26:27 [{{0 0001-01-01 00:00:00 +0000 UTC 0001-01-01 00:00:00 +0000 UTC <nil>}   }]
[ERROR][user.go:52]2023/03/03 22:26:27 [mid 1]
[ERROR][auth.go:26]2023/03/03 22:26:27 [pq: 字段 "total_login" 的类型为 bigint, 但表达式的类型为 text]
[DEBUG][logger.go:86]2023/03/03 22:26:27 [{"Time":"2023-03-03T22:26:27.2484013+08:00","Metadata":null,"Path":"/alogin","Query":"","Body":"{\n\t\"name\":\"zl\",\n\t\"avatar\":\"http://fdasgasg\",\n\t\"jct\":\"jct\"\n}","IP":"127.0.0.1","UserAgent":"insomnia/2022.7.5","Error":"","Cost":5893600,"Source":"GVA"}]
[INFO][main.go:28]2023/03/03 22:28:52 [start listen on:  localhost:8000]
[DEBUG][auth.go:47]2023/03/03 22:28:58 [{zl http://fdasgasg jct}]
[DEBUG][auth.go:48]2023/03/03 22:28:58 [mid ef5b60b73923bc1b63a3d3e7e4cf9158 hostname version1]
[TRACE][equipment.go:19]2023/03/03 22:28:58 [{{0 0001-01-01 00:00:00 +0000 UTC 0001-01-01 00:00:00 +0000 UTC <nil>}   }]
[ERROR][user.go:52]2023/03/03 22:28:58 [mid 1]
[ERROR][auth.go:26]2023/03/03 22:28:58 [pq: 字段 "updated_at" 的类型为 timestamp with time zone, 但表达式的类型为 bigint]
[DEBUG][logger.go:86]2023/03/03 22:28:58 [{"Time":"2023-03-03T22:28:58.1530229+08:00","Metadata":null,"Path":"/alogin","Query":"","Body":"{\n\t\"name\":\"zl\",\n\t\"avatar\":\"http://fdasgasg\",\n\t\"jct\":\"jct\"\n}","IP":"127.0.0.1","UserAgent":"insomnia/2022.7.5","Error":"","Cost":6222500,"Source":"GVA"}]
[INFO][main.go:28]2023/03/03 22:29:18 [start listen on:  localhost:8000]
[DEBUG][auth.go:47]2023/03/03 22:29:23 [{zl http://fdasgasg jct}]
[DEBUG][auth.go:48]2023/03/03 22:29:23 [mid ef5b60b73923bc1b63a3d3e7e4cf9158 hostname version1]
[TRACE][equipment.go:19]2023/03/03 22:29:23 [{{0 0001-01-01 00:00:00 +0000 UTC 0001-01-01 00:00:00 +0000 UTC <nil>}   }]
[ERROR][user.go:52]2023/03/03 22:29:23 [mid 1]
[ERROR][auth.go:26]2023/03/03 22:29:23 [pq: 操作符不存在: bigint + text]
[DEBUG][logger.go:86]2023/03/03 22:29:23 [{"Time":"2023-03-03T22:29:23.7780122+08:00","Metadata":null,"Path":"/alogin","Query":"","Body":"{\n\t\"name\":\"zl\",\n\t\"avatar\":\"http://fdasgasg\",\n\t\"jct\":\"jct\"\n}","IP":"127.0.0.1","UserAgent":"insomnia/2022.7.5","Error":"","Cost":6521600,"Source":"GVA"}]
[INFO][main.go:28]2023/03/03 22:29:46 [start listen on:  localhost:8000]
[DEBUG][auth.go:47]2023/03/03 22:29:47 [{zl http://fdasgasg jct}]
[DEBUG][auth.go:48]2023/03/03 22:29:47 [mid ef5b60b73923bc1b63a3d3e7e4cf9158 hostname version1]
[TRACE][equipment.go:19]2023/03/03 22:29:47 [{{0 0001-01-01 00:00:00 +0000 UTC 0001-01-01 00:00:00 +0000 UTC <nil>}   }]
[ERROR][user.go:52]2023/03/03 22:29:47 [mid 1]
[ERROR][auth.go:26]2023/03/03 22:29:47 [pq: 无效的整数类型输入语法: "mid"]
[DEBUG][logger.go:86]2023/03/03 22:29:47 [{"Time":"2023-03-03T22:29:47.6418174+08:00","Metadata":null,"Path":"/alogin","Query":"","Body":"{\n\t\"name\":\"zl\",\n\t\"avatar\":\"http://fdasgasg\",\n\t\"jct\":\"jct\"\n}","IP":"127.0.0.1","UserAgent":"insomnia/2022.7.5","Error":"","Cost":7561900,"Source":"GVA"}]
[INFO][main.go:28]2023/03/03 22:29:58 [start listen on:  localhost:8000]
[DEBUG][auth.go:47]2023/03/03 22:30:00 [{zl http://fdasgasg jct}]
[DEBUG][auth.go:48]2023/03/03 22:30:00 [mid ef5b60b73923bc1b63a3d3e7e4cf9158 hostname version1]
[TRACE][equipment.go:19]2023/03/03 22:30:00 [{{0 0001-01-01 00:00:00 +0000 UTC 0001-01-01 00:00:00 +0000 UTC <nil>}   }]
[ERROR][user.go:52]2023/03/03 22:30:00 [mid 1]
[ERROR][auth.go:26]2023/03/03 22:30:00 [pq: 操作符不存在: bigint + text]
[DEBUG][logger.go:86]2023/03/03 22:30:00 [{"Time":"2023-03-03T22:30:00.0440134+08:00","Metadata":null,"Path":"/alogin","Query":"","Body":"{\n\t\"name\":\"zl\",\n\t\"avatar\":\"http://fdasgasg\",\n\t\"jct\":\"jct\"\n}","IP":"127.0.0.1","UserAgent":"insomnia/2022.7.5","Error":"","Cost":7949900,"Source":"GVA"}]
[INFO][main.go:28]2023/03/03 22:30:13 [start listen on:  localhost:8000]
[DEBUG][auth.go:47]2023/03/03 22:30:13 [{zl http://fdasgasg jct}]
[DEBUG][auth.go:48]2023/03/03 22:30:13 [mid ef5b60b73923bc1b63a3d3e7e4cf9158 hostname version1]
[TRACE][equipment.go:19]2023/03/03 22:30:13 [{{0 0001-01-01 00:00:00 +0000 UTC 0001-01-01 00:00:00 +0000 UTC <nil>}   }]
[ERROR][user.go:52]2023/03/03 22:30:13 [mid 1]
[ERROR][auth.go:26]2023/03/03 22:30:13 [pq: 没有参数 $0]
[DEBUG][logger.go:86]2023/03/03 22:30:13 [{"Time":"2023-03-03T22:30:13.8411321+08:00","Metadata":null,"Path":"/alogin","Query":"","Body":"{\n\t\"name\":\"zl\",\n\t\"avatar\":\"http://fdasgasg\",\n\t\"jct\":\"jct\"\n}","IP":"127.0.0.1","UserAgent":"insomnia/2022.7.5","Error":"","Cost":7954300,"Source":"GVA"}]
[INFO][main.go:28]2023/03/03 22:32:23 [start listen on:  localhost:8000]
[DEBUG][auth.go:47]2023/03/03 22:32:26 [{zl http://fdasgasg jct}]
[DEBUG][auth.go:48]2023/03/03 22:32:26 [mid ef5b60b73923bc1b63a3d3e7e4cf9158 hostname version1]
[TRACE][equipment.go:19]2023/03/03 22:32:26 [{{0 0001-01-01 00:00:00 +0000 UTC 0001-01-01 00:00:00 +0000 UTC <nil>}   }]
[ERROR][user.go:52]2023/03/03 22:32:26 [mid 1]
[TRACE][equipment.go:32]2023/03/03 22:32:26 [0xa09c550]
[ERROR][auth.go:58]2023/03/03 22:32:26 [pq: got 5 parameters but the statement requires 4]
[DEBUG][logger.go:86]2023/03/03 22:32:26 [{"Time":"2023-03-03T22:32:26.1880588+08:00","Metadata":null,"Path":"/alogin","Query":"","Body":"{\n\t\"name\":\"zl\",\n\t\"avatar\":\"http://fdasgasg\",\n\t\"jct\":\"jct\"\n}","IP":"127.0.0.1","UserAgent":"insomnia/2022.7.5","Error":"","Cost":9237200,"Source":"GVA"}]
[INFO][main.go:28]2023/03/03 22:32:44 [start listen on:  localhost:8000]
[DEBUG][auth.go:47]2023/03/03 22:32:45 [{zl http://fdasgasg jct}]
[DEBUG][auth.go:48]2023/03/03 22:32:45 [mid ef5b60b73923bc1b63a3d3e7e4cf9158 hostname version1]
[TRACE][equipment.go:19]2023/03/03 22:32:45 [{{1 2023-03-03 22:32:26.184831 +0800 CST 2023-03-03 22:32:26.184831 +0800 CST <nil>} hostname version1 jct}]
[ERROR][user.go:52]2023/03/03 22:32:45 [mid 1]
[ERROR][auth.go:26]2023/03/03 22:32:45 [pq: 操作符不存在: bigint + text]
[DEBUG][logger.go:86]2023/03/03 22:32:45 [{"Time":"2023-03-03T22:32:45.1710456+08:00","Metadata":null,"Path":"/alogin","Query":"","Body":"{\n\t\"name\":\"zl\",\n\t\"avatar\":\"http://fdasgasg\",\n\t\"jct\":\"jct\"\n}","IP":"127.0.0.1","UserAgent":"insomnia/2022.7.5","Error":"","Cost":7220500,"Source":"GVA"}]
[INFO][main.go:28]2023/03/03 22:33:09 [start listen on:  localhost:8000]
[DEBUG][auth.go:47]2023/03/03 22:33:10 [{zl http://fdasgasg jct}]
[DEBUG][auth.go:48]2023/03/03 22:33:10 [mid ef5b60b73923bc1b63a3d3e7e4cf9158 hostname version1]
[TRACE][equipment.go:19]2023/03/03 22:33:10 [{{1 2023-03-03 22:32:26.184831 +0800 CST 2023-03-03 22:32:26.184831 +0800 CST <nil>} hostname version1 jct}]
[ERROR][user.go:52]2023/03/03 22:33:10 [mid 1]
[ERROR][auth.go:26]2023/03/03 22:33:10 [pq: 无效的整数类型输入语法: "mid"]
[DEBUG][logger.go:86]2023/03/03 22:33:10 [{"Time":"2023-03-03T22:33:10.6118935+08:00","Metadata":null,"Path":"/alogin","Query":"","Body":"{\n\t\"name\":\"zl\",\n\t\"avatar\":\"http://fdasgasg\",\n\t\"jct\":\"jct\"\n}","IP":"127.0.0.1","UserAgent":"insomnia/2022.7.5","Error":"","Cost":7533300,"Source":"GVA"}]
[INFO][main.go:28]2023/03/03 22:33:29 [start listen on:  localhost:8000]
[DEBUG][auth.go:47]2023/03/03 22:33:31 [{zl http://fdasgasg jct}]
[DEBUG][auth.go:48]2023/03/03 22:33:31 [mid ef5b60b73923bc1b63a3d3e7e4cf9158 hostname version1]
[TRACE][equipment.go:19]2023/03/03 22:33:31 [{{1 2023-03-03 22:32:26.184831 +0800 CST 2023-03-03 22:32:26.184831 +0800 CST <nil>} hostname version1 jct}]
[ERROR][user.go:52]2023/03/03 22:33:31 [mid 1]
[ERROR][auth.go:26]2023/03/03 22:33:31 [pq: 无法确定参数 $2 的数据类型]
[DEBUG][logger.go:86]2023/03/03 22:33:31 [{"Time":"2023-03-03T22:33:31.2416826+08:00","Metadata":null,"Path":"/alogin","Query":"","Body":"{\n\t\"name\":\"zl\",\n\t\"avatar\":\"http://fdasgasg\",\n\t\"jct\":\"jct\"\n}","IP":"127.0.0.1","UserAgent":"insomnia/2022.7.5","Error":"","Cost":6399400,"Source":"GVA"}]
[INFO][main.go:28]2023/03/03 22:35:05 [start listen on:  localhost:8000]
[DEBUG][auth.go:47]2023/03/03 22:35:09 [{zl http://fdasgasg jct}]
[DEBUG][auth.go:48]2023/03/03 22:35:09 [mid ef5b60b73923bc1b63a3d3e7e4cf9158 hostname version1]
[TRACE][equipment.go:19]2023/03/03 22:35:09 [{{1 2023-03-03 22:32:26.184831 +0800 CST 2023-03-03 22:32:26.184831 +0800 CST <nil>} hostname version1 jct}]
[ERROR][user.go:52]2023/03/03 22:35:09 [mid 1]
[ERROR][auth.go:26]2023/03/03 22:35:09 [pq: 无效的整数类型输入语法: "mid"]
[DEBUG][logger.go:86]2023/03/03 22:35:09 [{"Time":"2023-03-03T22:35:09.0169303+08:00","Metadata":null,"Path":"/alogin","Query":"","Body":"{\n\t\"name\":\"zl\",\n\t\"avatar\":\"http://fdasgasg\",\n\t\"jct\":\"jct\"\n}","IP":"127.0.0.1","UserAgent":"insomnia/2022.7.5","Error":"","Cost":7566800,"Source":"GVA"}]
[INFO][main.go:28]2023/03/03 22:37:53 [start listen on:  localhost:8000]
[DEBUG][auth.go:47]2023/03/03 22:37:54 [{zl http://fdasgasg jct}]
[DEBUG][auth.go:48]2023/03/03 22:37:54 [mid ef5b60b73923bc1b63a3d3e7e4cf9158 hostname version1]
[TRACE][equipment.go:19]2023/03/03 22:37:54 [{{1 2023-03-03 22:32:26.184831 +0800 CST 2023-03-03 22:32:26.184831 +0800 CST <nil>} hostname version1 jct}]
[ERROR][user.go:52]2023/03/03 22:37:54 [mid 1]
[ERROR][auth.go:45]2023/03/03 22:37:54 [pq: got 3 parameters but the statement requires 2]
[DEBUG][logger.go:86]2023/03/03 22:37:54 [{"Time":"2023-03-03T22:37:54.3708221+08:00","Metadata":null,"Path":"/alogin","Query":"","Body":"{\n\t\"name\":\"zl\",\n\t\"avatar\":\"http://fdasgasg\",\n\t\"jct\":\"jct\"\n}","IP":"127.0.0.1","UserAgent":"insomnia/2022.7.5","Error":"","Cost":6220600,"Source":"GVA"}]
[INFO][main.go:28]2023/03/03 22:38:42 [start listen on:  localhost:8000]
[DEBUG][auth.go:47]2023/03/03 22:38:46 [{zl http://fdasgasg jct}]
[DEBUG][auth.go:48]2023/03/03 22:38:46 [mid ef5b60b73923bc1b63a3d3e7e4cf9158 hostname version1]
[TRACE][equipment.go:19]2023/03/03 22:38:46 [{{1 2023-03-03 22:32:26.184831 +0800 CST 2023-03-03 22:32:26.184831 +0800 CST <nil>} hostname version1 jct}]
[ERROR][user.go:52]2023/03/03 22:38:46 [mid 1]
[ERROR][auth.go:45]2023/03/03 22:38:46 [pq: 没有参数 $0]
[DEBUG][logger.go:86]2023/03/03 22:38:46 [{"Time":"2023-03-03T22:38:46.0606771+08:00","Metadata":null,"Path":"/alogin","Query":"","Body":"{\n\t\"name\":\"zl\",\n\t\"avatar\":\"http://fdasgasg\",\n\t\"jct\":\"jct\"\n}","IP":"127.0.0.1","UserAgent":"insomnia/2022.7.5","Error":"","Cost":7355600,"Source":"GVA"}]
[INFO][main.go:28]2023/03/03 22:39:38 [start listen on:  localhost:8000]
[DEBUG][auth.go:47]2023/03/03 22:39:40 [{zl http://fdasgasg jct}]
[DEBUG][auth.go:48]2023/03/03 22:39:40 [mid ef5b60b73923bc1b63a3d3e7e4cf9158 hostname version1]
[TRACE][equipment.go:19]2023/03/03 22:39:40 [{{1 2023-03-03 22:32:26.184831 +0800 CST 2023-03-03 22:32:26.184831 +0800 CST <nil>} hostname version1 jct}]
[ERROR][user.go:52]2023/03/03 22:39:40 [mid 1]
[ERROR][auth.go:45]2023/03/03 22:39:40 [pq: got 2 parameters but the statement requires 1]
[DEBUG][logger.go:86]2023/03/03 22:39:40 [{"Time":"2023-03-03T22:39:40.6417399+08:00","Metadata":null,"Path":"/alogin","Query":"","Body":"{\n\t\"name\":\"zl\",\n\t\"avatar\":\"http://fdasgasg\",\n\t\"jct\":\"jct\"\n}","IP":"127.0.0.1","UserAgent":"insomnia/2022.7.5","Error":"","Cost":5625300,"Source":"GVA"}]
[INFO][main.go:28]2023/03/03 22:42:45 [start listen on:  localhost:8000]
[DEBUG][auth.go:47]2023/03/03 22:42:56 [{zl http://fdasgasg jct}]
[DEBUG][auth.go:48]2023/03/03 22:42:56 [mid ef5b60b73923bc1b63a3d3e7e4cf9158 hostname version1]
[TRACE][equipment.go:19]2023/03/03 22:42:56 [{{1 2023-03-03 22:32:26.184831 +0800 CST 2023-03-03 22:32:26.184831 +0800 CST <nil>} hostname version1 jct}]
[ERROR][user.go:52]2023/03/03 22:42:56 [mid 1]
[ERROR][auth.go:45]2023/03/03 22:42:56 [pq: got 2 parameters but the statement requires 1]
[DEBUG][logger.go:86]2023/03/03 22:42:56 [{"Time":"2023-03-03T22:42:56.8351784+08:00","Metadata":null,"Path":"/alogin","Query":"","Body":"{\n\t\"name\":\"zl\",\n\t\"avatar\":\"http://fdasgasg\",\n\t\"jct\":\"jct\"\n}","IP":"127.0.0.1","UserAgent":"insomnia/2022.7.5","Error":"","Cost":7513200,"Source":"GVA"}]
[DEBUG][auth.go:47]2023/03/03 22:45:20 [{zl http://fdasgasg jct}]
[DEBUG][auth.go:48]2023/03/03 22:45:20 [mid ef5b60b73923bc1b63a3d3e7e4cf9158 hostname version1]
[TRACE][equipment.go:19]2023/03/03 22:45:20 [{{1 2023-03-03 22:32:26.184831 +0800 CST 2023-03-03 22:32:26.184831 +0800 CST <nil>} hostname version1 jct}]
[ERROR][user.go:52]2023/03/03 22:45:20 [mid 1]
[ERROR][auth.go:45]2023/03/03 22:45:20 [pq: got 2 parameters but the statement requires 1]
[DEBUG][logger.go:86]2023/03/03 22:45:20 [{"Time":"2023-03-03T22:45:20.0304713+08:00","Metadata":null,"Path":"/alogin","Query":"","Body":"{\n\t\"name\":\"zl\",\n\t\"avatar\":\"http://fdasgasg\",\n\t\"jct\":\"jct\"\n}","IP":"127.0.0.1","UserAgent":"insomnia/2022.7.5","Error":"","Cost":5280400,"Source":"GVA"}]
[INFO][main.go:28]2023/03/03 22:52:19 [start listen on:  localhost:8000]
[DEBUG][auth.go:47]2023/03/03 22:52:20 [{zl http://fdasgasg jct}]
[DEBUG][auth.go:48]2023/03/03 22:52:20 [mid ef5b60b73923bc1b63a3d3e7e4cf9158 hostname version1]
[TRACE][equipment.go:19]2023/03/03 22:52:20 [{{1 2023-03-03 22:32:26.184831 +0800 CST 2023-03-03 22:32:26.184831 +0800 CST <nil>} hostname version1 jct}]
[ERROR][user.go:52]2023/03/03 22:52:20 [mid 1]
[ERROR][auth.go:58]2023/03/03 22:52:20 [pq: got 5 parameters but the statement requires 4]
[DEBUG][logger.go:86]2023/03/03 22:52:20 [{"Time":"2023-03-03T22:52:20.9695982+08:00","Metadata":null,"Path":"/alogin","Query":"","Body":"{\n\t\"name\":\"zl\",\n\t\"avatar\":\"http://fdasgasg\",\n\t\"jct\":\"jct\"\n}","IP":"127.0.0.1","UserAgent":"insomnia/2022.7.5","Error":"","Cost":8691000,"Source":"GVA"}]
[INFO][main.go:28]2023/03/03 22:53:27 [start listen on:  localhost:8000]
[DEBUG][auth.go:47]2023/03/03 22:53:29 [{zl http://fdasgasg jct}]
[DEBUG][auth.go:48]2023/03/03 22:53:29 [mid ef5b60b73923bc1b63a3d3e7e4cf9158 hostname version1]
[TRACE][equipment.go:19]2023/03/03 22:53:29 [{{1 2023-03-03 22:32:26.184831 +0800 CST 2023-03-03 22:32:26.184831 +0800 CST <nil>} hostname version1 jct}]
[ERROR][user.go:52]2023/03/03 22:53:29 [mid 1]
[DEBUG][logger.go:86]2023/03/03 22:53:29 [{"Time":"2023-03-03T22:53:29.4459993+08:00","Metadata":null,"Path":"/alogin","Query":"","Body":"{\n\t\"name\":\"zl\",\n\t\"avatar\":\"http://fdasgasg\",\n\t\"jct\":\"jct\"\n}","IP":"127.0.0.1","UserAgent":"insomnia/2022.7.5","Error":"","Cost":9406700,"Source":"GVA"}]
[DEBUG][auth.go:47]2023/03/03 22:53:34 [{zl http://fdasgasg jct}]
[DEBUG][auth.go:48]2023/03/03 22:53:34 [mid ef5b60b73923bc1b63a3d3e7e4cf9158 hostname version1]
[TRACE][equipment.go:19]2023/03/03 22:53:34 [{{1 2023-03-03 22:32:26.184831 +0800 CST 2023-03-03 22:32:26.184831 +0800 CST <nil>} hostname version1 jct}]
[ERROR][user.go:52]2023/03/03 22:53:34 [mid 1]
[DEBUG][logger.go:86]2023/03/03 22:53:34 [{"Time":"2023-03-03T22:53:34.647913+08:00","Metadata":null,"Path":"/alogin","Query":"","Body":"{\n\t\"name\":\"zl\",\n\t\"avatar\":\"http://fdasgasg\",\n\t\"jct\":\"jct\"\n}","IP":"127.0.0.1","UserAgent":"insomnia/2022.7.5","Error":"","Cost":5545700,"Source":"GVA"}]
[DEBUG][auth.go:47]2023/03/03 22:53:37 [{zl http://fdasgasg jct}]
[DEBUG][auth.go:48]2023/03/03 22:53:37 [mid ef5b60b73923bc1b63a3d3e7e4cf9158 hostname version1]
[TRACE][equipment.go:19]2023/03/03 22:53:37 [{{1 2023-03-03 22:32:26.184831 +0800 CST 2023-03-03 22:32:26.184831 +0800 CST <nil>} hostname version1 jct}]
[ERROR][user.go:52]2023/03/03 22:53:37 [mid 1]
[DEBUG][logger.go:86]2023/03/03 22:53:37 [{"Time":"2023-03-03T22:53:37.0994207+08:00","Metadata":null,"Path":"/alogin","Query":"","Body":"{\n\t\"name\":\"zl\",\n\t\"avatar\":\"http://fdasgasg\",\n\t\"jct\":\"jct\"\n}","IP":"127.0.0.1","UserAgent":"insomnia/2022.7.5","Error":"","Cost":5316100,"Source":"GVA"}]
[INFO][main.go:28]2023/03/03 22:55:12 [start listen on:  localhost:8000]
[DEBUG][auth.go:47]2023/03/03 22:55:13 [{zl http://fdasgasg jct}]
[DEBUG][auth.go:48]2023/03/03 22:55:13 [mid ef5b60b73923bc1b63a3d3e7e4cf9158 hostname version1]
[TRACE][equipment.go:19]2023/03/03 22:55:13 [{{1 2023-03-03 22:32:26.184831 +0800 CST 2023-03-03 22:32:26.184831 +0800 CST <nil>} hostname version1 jct}]
[DEBUG][logger.go:86]2023/03/03 22:55:13 [{"Time":"2023-03-03T22:55:13.3456875+08:00","Metadata":null,"Path":"/alogin","Query":"","Body":"{\n\t\"name\":\"zl\",\n\t\"avatar\":\"http://fdasgasg\",\n\t\"jct\":\"jct\"\n}","IP":"127.0.0.1","UserAgent":"insomnia/2022.7.5","Error":"","Cost":10218500,"Source":"GVA"}]
[INFO][main.go:28]2023/03/03 22:56:33 [start listen on:  localhost:8000]
[DEBUG][auth.go:47]2023/03/03 22:56:34 [{zl http://fdasgasg jct}]
[DEBUG][auth.go:48]2023/03/03 22:56:34 [mid ef5b60b73923bc1b63a3d3e7e4cf9158 hostname version1]
[TRACE][equipment.go:19]2023/03/03 22:56:34 [{{1 2023-03-03 22:32:26.184831 +0800 CST 2023-03-03 22:32:26.184831 +0800 CST <nil>} hostname version1 jct}]
[DEBUG][logger.go:86]2023/03/03 22:56:34 [{"Time":"2023-03-03T22:56:34.2901502+08:00","Metadata":null,"Path":"/alogin","Query":"","Body":"{\n\t\"name\":\"zl\",\n\t\"avatar\":\"http://fdasgasg\",\n\t\"jct\":\"jct\"\n}","IP":"127.0.0.1","UserAgent":"insomnia/2022.7.5","Error":"","Cost":7443500,"Source":"GVA"}]
[DEBUG][auth.go:47]2023/03/03 22:56:35 [{zl http://fdasgasg jct}]
[DEBUG][auth.go:48]2023/03/03 22:56:35 [mid ef5b60b73923bc1b63a3d3e7e4cf9158 hostname version1]
[TRACE][equipment.go:19]2023/03/03 22:56:35 [{{1 2023-03-03 22:32:26.184831 +0800 CST 2023-03-03 22:32:26.184831 +0800 CST <nil>} hostname version1 jct}]
[DEBUG][logger.go:86]2023/03/03 22:56:35 [{"Time":"2023-03-03T22:56:35.0184705+08:00","Metadata":null,"Path":"/alogin","Query":"","Body":"{\n\t\"name\":\"zl\",\n\t\"avatar\":\"http://fdasgasg\",\n\t\"jct\":\"jct\"\n}","IP":"127.0.0.1","UserAgent":"insomnia/2022.7.5","Error":"","Cost":6332000,"Source":"GVA"}]
