[INFO][main.go:26]2023/03/02 21:57:34 [start listen on:  localhost:8000]
[INFO][main.go:26]2023/03/02 21:59:33 [start listen on:  localhost:8000]
[INFO][main.go:26]2023/03/02 22:00:59 [start listen on:  localhost:8000]
[INFO][main.go:26]2023/03/02 22:02:13 [start listen on:  localhost:8000]
[ERROR][auth.go:35]2023/03/02 22:02:15 [http: named cookie not present]
[ERROR][auth.go:35]2023/03/02 22:05:16 [http: named cookie not present]
[ERROR][auth.go:35]2023/03/02 22:05:16 [http: named cookie not present]
[ERROR][auth.go:35]2023/03/02 22:08:46 [http: named cookie not present]
[INFO][auth.go:26]2023/03/02 22:10:03 [EOF]
[ERROR][auth.go:35]2023/03/02 22:10:49 [http: named cookie not present]
[DEBUG][auth.go:45]2023/03/02 22:11:06 [{fadfa Fdaf hfadaff}]
[DEBUG][auth.go:46]2023/03/02 22:11:06 [   version1]
[TRACE][user.go:33]2023/03/02 22:11:49 [0xa49aa80]
[DEBUG][auth.go:45]2023/03/02 22:11:49 [{fadfa Fdaf hfadaff}]
[DEBUG][auth.go:46]2023/03/02 22:11:49 [tadgdafg sdfaafa fdasfasffdgfdh version1]
[INFO][main.go:26]2023/03/02 22:14:12 [start listen on:  localhost:8000]
[DEBUG][auth.go:45]2023/03/02 22:14:14 [{fadfa Fdaf hfadaff}]
[DEBUG][auth.go:46]2023/03/02 22:14:14 [tadgdafg sdfaafa fdasfasffdgfdh version1]
[INFO][main.go:26]2023/03/02 22:15:12 [start listen on:  localhost:8000]
[DEBUG][auth.go:45]2023/03/02 22:15:20 [{fadfa Fdaf hfadaff}]
[DEBUG][auth.go:46]2023/03/02 22:15:20 [tadgdafg sdfaafa fdasfasffdgfdh version1]
[ERROR][auth.go:35]2023/03/02 22:15:41 [<nil>]
